<?xml version="1.0" encoding="UTF-8"?>
<TestRun id="43c07b90-98c9-473d-83b0-d1422257be4d" name="Charlot@CHARLOT-PC 2013-10-30 11:25:03" runUser="Charlot-PC\Charlot" xmlns="http://microsoft.com/schemas/VisualStudio/TeamTest/2010">
  <TestSettings name="本地" id="2e80b17e-8ab5-4988-ab53-fd31bd810c6b">
    <Description>这些设置为本地测试运行的默认测试设置。</Description>
    <Deployment enabled="false" runDeploymentRoot="Charlot_CHARLOT-PC 2013-10-30 11_25_03">
      <DeploymentItem filename="C:\Users\Charlot\Documents\GitHub\ifDataHouse\IFDatahouseClientService\ThridPart\log4net.dll" />
      <DeploymentItem filename="C:\Users\Charlot\Documents\GitHub\ifDataHouse\IFDatahouseClientService\ThridPart\Thrift.dll" />
      <DeploymentItem filename="C:\Users\Charlot\Documents\GitHub\ifDataHouse\IFDatahouseClientService\Brilliantech.DatahouseService\bin\Debug\Brilliantech.DatahouseService.dll" />
      <DeploymentItem filename="C:\Users\Charlot\Documents\GitHub\ifDataHouse\IFDatahouseClientService\Brilliantech.DatahouseService.Testbench\bin\Debug\Brilliantech.DatahouseService.Testbench.exe" />
      <DeploymentItem filename="C:\Users\Charlot\Documents\GitHub\ifDataHouse\IFDatahouseClientService\ThridPart\Nini.dll" />
      <DeploymentItem filename="C:\Users\Charlot\Documents\GitHub\ifDataHouse\IFDatahouseClientService\Brilliantech.BaseClassLib\bin\Debug\Brilliantech.BaseClassLib.dll" />
      <DeploymentItem filename="C:\Users\Charlot\Documents\GitHub\ifDataHouse\IFDatahouseClientService\Brilliantech.PackSysDataService\bin\Debug\Brilliantech.PackSysDataService.exe" />
    </Deployment>
    <Execution>
      <TestTypeSpecific />
      <AgentRule name="Execution Agents">
      </AgentRule>
    </Execution>
  </TestSettings>
  <Times creation="2013-10-30T11:25:03.0810487+08:00" queuing="2013-10-30T11:25:08.3973527+08:00" start="2013-10-30T11:25:08.5363607+08:00" finish="2013-10-30T11:25:09.7794318+08:00" />
  <ResultSummary outcome="Failed">
    <Counters total="1" executed="1" error="0" failed="1" timeout="0" aborted="0" inconclusive="0" passedButRunAborted="0" notRunnable="0" notExecuted="0" disconnected="0" warning="0" passed="0" completed="0" inProgress="0" pending="0" />
  </ResultSummary>
  <TestDefinitions>
    <UnitTest name="GetDateTimeInMilTest" storage="c:\users\charlot\documents\github\ifdatahouse\ifdatahouseclientservice\test.datahouseservice\bin\debug\test.datahouseservice.dll" id="54f25795-aa6a-6941-27c2-632eb94d75d3">
      <Execution id="23d34288-9a09-4225-b34f-1a3a612b921a" />
      <TestMethod codeBase="C:/Users/Charlot/Documents/GitHub/ifDataHouse/IFDatahouseClientService/Test.DatahouseService/bin/Debug/Test.DatahouseService.DLL" adapterTypeName="Microsoft.VisualStudio.TestTools.TestTypes.Unit.UnitTestAdapter, Microsoft.VisualStudio.QualityTools.Tips.UnitTest.Adapter, Version=10.0.0.0, Culture=neutral, PublicKeyToken=b03f5f7f11d50a3a" className="Test.DatahouseService.TimeUtilTest, Test.DatahouseService, Version=1.0.0.0, Culture=neutral, PublicKeyToken=null" name="GetDateTimeInMilTest" />
    </UnitTest>
  </TestDefinitions>
  <TestLists>
    <TestList name="列表中未列出的结果" id="8c84fa94-04c1-424b-9868-57a2d4851a1d" />
    <TestList name="所有已加载的结果" id="19431567-8539-422a-85d7-44ee4e166bda" />
  </TestLists>
  <TestEntries>
    <TestEntry testId="54f25795-aa6a-6941-27c2-632eb94d75d3" executionId="23d34288-9a09-4225-b34f-1a3a612b921a" testListId="8c84fa94-04c1-424b-9868-57a2d4851a1d" />
  </TestEntries>
  <Results>
    <UnitTestResult executionId="23d34288-9a09-4225-b34f-1a3a612b921a" testId="54f25795-aa6a-6941-27c2-632eb94d75d3" testName="GetDateTimeInMilTest" computerName="CHARLOT-PC" duration="00:00:00.2004514" startTime="2013-10-30T11:25:08.5753629+08:00" endTime="2013-10-30T11:25:09.7084277+08:00" testType="13cdc9d9-ddb5-4fa4-a97d-d965ccfc6d4b" outcome="Failed" testListId="8c84fa94-04c1-424b-9868-57a2d4851a1d" relativeResultsDirectory="23d34288-9a09-4225-b34f-1a3a612b921a">
      <Output>
        <ErrorInfo>
          <Message>Assert.AreEqual 失败。应为: &lt;0001/1/1 0:00:00&gt;，实际为: &lt;2013/10/30 0:00:00&gt;。</Message>
          <StackTrace>   在 Test.DatahouseService.TimeUtilTest.GetDateTimeInMilTest() 位置 C:\Users\Charlot\Documents\GitHub\ifDataHouse\IFDatahouseClientService\Test.DatahouseService\TimeUtilTest.cs:行号 104
</StackTrace>
        </ErrorInfo>
      </Output>
    </UnitTestResult>
  </Results>
</TestRun>