<?xml version="1.0" encoding="UTF-8"?>
<TestRun id="5b611345-012a-4d1c-aed8-ecf95f34c67b" name="tianyi@NBSTY01 2013-08-13 11:26:11" runUser="NBSTY01\tianyi" xmlns="http://microsoft.com/schemas/VisualStudio/TeamTest/2010">
  <TestSettings name="本地" id="2e80b17e-8ab5-4988-ab53-fd31bd810c6b">
    <Description>这些设置为本地测试运行的默认测试设置。</Description>
    <Deployment enabled="false" runDeploymentRoot="tianyi_NBSTY01 2013-08-13 11_26_11">
      <DeploymentItem filename="C:\Users\tianyi\Documents\GitHub\ifDataHouse\dll\Nini.dll" />
      <DeploymentItem filename="C:\Users\tianyi\Documents\GitHub\ifDataHouse\dll\log4net.dll" />
      <DeploymentItem filename="C:\Users\tianyi\Documents\GitHub\ifDataHouse\dll\Thrift.dll" />
      <DeploymentItem filename="C:\Users\tianyi\Documents\GitHub\ifDataHouse\IFDatahouseClientService\Brilliantech.DatahouseService\bin\Debug\Brilliantech.DatahouseService.dll" />
      <DeploymentItem filename="C:\Users\tianyi\Documents\GitHub\ifDataHouse\IFDatahouseClientService\Brilliantech.DatahouseService.Testbench\bin\Debug\Brilliantech.DatahouseService.Testbench.exe" />
    </Deployment>
    <Execution>
      <TestTypeSpecific />
      <AgentRule name="Execution Agents">
      </AgentRule>
    </Execution>
  </TestSettings>
  <Times creation="2013-08-13T11:26:11.7949883+08:00" queuing="2013-08-13T11:26:11.8169911+08:00" start="2013-08-13T11:26:11.8574962+08:00" finish="2013-08-13T11:26:12.7691120+08:00" />
  <ResultSummary outcome="Completed">
    <Counters total="1" executed="1" passed="1" error="0" failed="0" timeout="0" aborted="0" inconclusive="0" passedButRunAborted="0" notRunnable="0" notExecuted="0" disconnected="0" warning="0" completed="0" inProgress="0" pending="0" />
  </ResultSummary>
  <TestDefinitions>
    <UnitTest name="AddProductPackTest" storage="c:\users\tianyi\documents\github\ifdatahouse\ifdatahouseclientservice\test.datahouseservice\bin\debug\test.datahouseservice.dll" id="8115514a-33ce-2874-0f34-1253f95ec96e">
      <Execution id="5214399a-cc85-4551-8755-9dbeae39d3eb" />
      <TestMethod codeBase="C:/Users/tianyi/Documents/GitHub/ifDataHouse/IFDatahouseClientService/Test.DatahouseService/bin/Debug/Test.DatahouseService.DLL" adapterTypeName="Microsoft.VisualStudio.TestTools.TestTypes.Unit.UnitTestAdapter, Microsoft.VisualStudio.QualityTools.Tips.UnitTest.Adapter, Version=10.0.0.0, Culture=neutral, PublicKeyToken=b03f5f7f11d50a3a" className="Test.DatahouseService.ServicerTest, Test.DatahouseService, Version=1.0.0.0, Culture=neutral, PublicKeyToken=null" name="AddProductPackTest" />
    </UnitTest>
  </TestDefinitions>
  <TestLists>
    <TestList name="列表中未列出的结果" id="8c84fa94-04c1-424b-9868-57a2d4851a1d" />
    <TestList name="所有已加载的结果" id="19431567-8539-422a-85d7-44ee4e166bda" />
  </TestLists>
  <TestEntries>
    <TestEntry testId="8115514a-33ce-2874-0f34-1253f95ec96e" executionId="5214399a-cc85-4551-8755-9dbeae39d3eb" testListId="8c84fa94-04c1-424b-9868-57a2d4851a1d" />
  </TestEntries>
  <Results>
    <UnitTestResult executionId="5214399a-cc85-4551-8755-9dbeae39d3eb" testId="8115514a-33ce-2874-0f34-1253f95ec96e" testName="AddProductPackTest" computerName="NBSTY01" duration="00:00:00.5129960" startTime="2013-08-13T11:26:11.8674975+08:00" endTime="2013-08-13T11:26:12.6720997+08:00" testType="13cdc9d9-ddb5-4fa4-a97d-d965ccfc6d4b" outcome="Passed" testListId="8c84fa94-04c1-424b-9868-57a2d4851a1d" relativeResultsDirectory="5214399a-cc85-4551-8755-9dbeae39d3eb">
      <Output>
        <StdOut>log4net: Configuration update mode [Merge].
log4net: Logger [root] Level string is [DUBEG].
log4net: Logger [root] level set to [name="DEBUG",value=30000].
log4net: Loading Appender [RollingLogFileAppender] type: [log4net.Appender.RollingFileAppender]
log4net: Setting Property [File] to String value [IFDatahouseLog.log]
log4net: Setting Property [AppendToFile] to Boolean value [True]
log4net: Setting Property [RollingStyle] to RollingMode value [Size]
log4net: Setting Property [MaxSizeRollBackups] to Int32 value [10]
log4net: Setting Property [MaximumFileSize] to String value [2MB]
log4net: Setting Property [StaticLogFileName] to Boolean value [True]
log4net: Converter [message] Option [] Format [min=-1,max=2147483647,leftAlign=False]
log4net: Converter [newline] Option [] Format [min=-1,max=2147483647,leftAlign=False]
log4net: Setting Property [ConversionPattern] to String value [[%date]  %thread -- %-5level -- %logger [%M] -- %message%newline]
log4net: Converter [literal] Option [[] Format [min=-1,max=2147483647,leftAlign=False]
log4net: Converter [date] Option [] Format [min=-1,max=2147483647,leftAlign=False]
log4net: Converter [literal] Option []  ] Format [min=-1,max=2147483647,leftAlign=False]
log4net: Converter [thread] Option [] Format [min=-1,max=2147483647,leftAlign=False]
log4net: Converter [literal] Option [ -- ] Format [min=-1,max=2147483647,leftAlign=False]
log4net: Converter [level] Option [] Format [min=5,max=2147483647,leftAlign=True]
log4net: Converter [literal] Option [ -- ] Format [min=-1,max=2147483647,leftAlign=False]
log4net: Converter [logger] Option [] Format [min=-1,max=2147483647,leftAlign=False]
log4net: Converter [literal] Option [ [] Format [min=-1,max=2147483647,leftAlign=False]
log4net: Converter [M] Option [] Format [min=-1,max=2147483647,leftAlign=False]
log4net: Converter [literal] Option [] -- ] Format [min=-1,max=2147483647,leftAlign=False]
log4net: Converter [message] Option [] Format [min=-1,max=2147483647,leftAlign=False]
log4net: Converter [newline] Option [] Format [min=-1,max=2147483647,leftAlign=False]
log4net: Setting Property [Layout] to object [log4net.Layout.PatternLayout]
log4net: Searched for existing files in [C:\Users\tianyi\Documents\GitHub\ifDataHouse\IFDatahouseClientService\Test.DatahouseService\bin\Debug]
log4net: curSizeRollBackups starts at [0]
log4net: Opening file for writing [C:\Users\tianyi\Documents\GitHub\ifDataHouse\IFDatahouseClientService\Test.DatahouseService\bin\Debug\IFDatahouseLog.log] append [True]
log4net: reated Appender [RollingLogFileAppender]
log4net: Adding appender named [RollingLogFileAppender] to logger [root].
log4net: Hierarchy Threshold []
log4net: configuring repository [log4net-default-repository] using .config file section
log4net: Application config file is [c:\Program Files (x86)\Microsoft Visual Studio 10.0\Common7\IDE\QTAgent32.exe.Config]</StdOut>
        <StdErr>log4net:ERROR You have tried to set a null level to root.
log4net.Core.LogException: 应用程序中的错误。
log4net:ERROR Failed to find configuration section 'log4net' in the application's .config file. Check your .config file for the &lt;log4net&gt; and &lt;configSections&gt; elements. The configuration section should look like: &lt;section name="log4net" type="log4net.Config.Log4NetConfigurationSectionHandler,log4net" /&gt;</StdErr>
        <DebugTrace>log4net: Configuration update mode [Merge].
log4net: Logger [root] Level string is [DUBEG].
log4net:ERROR You have tried to set a null level to root.
log4net.Core.LogException: 应用程序中的错误。
log4net: Logger [root] level set to [name="DEBUG",value=30000].
log4net: Loading Appender [RollingLogFileAppender] type: [log4net.Appender.RollingFileAppender]
log4net: Setting Property [File] to String value [IFDatahouseLog.log]
log4net: Setting Property [AppendToFile] to Boolean value [True]
log4net: Setting Property [RollingStyle] to RollingMode value [Size]
log4net: Setting Property [MaxSizeRollBackups] to Int32 value [10]
log4net: Setting Property [MaximumFileSize] to String value [2MB]
log4net: Setting Property [StaticLogFileName] to Boolean value [True]
log4net: Converter [message] Option [] Format [min=-1,max=2147483647,leftAlign=False]
log4net: Converter [newline] Option [] Format [min=-1,max=2147483647,leftAlign=False]
log4net: Setting Property [ConversionPattern] to String value [[%date]  %thread -- %-5level -- %logger [%M] -- %message%newline]
log4net: Converter [literal] Option [[] Format [min=-1,max=2147483647,leftAlign=False]
log4net: Converter [date] Option [] Format [min=-1,max=2147483647,leftAlign=False]
log4net: Converter [literal] Option []  ] Format [min=-1,max=2147483647,leftAlign=False]
log4net: Converter [thread] Option [] Format [min=-1,max=2147483647,leftAlign=False]
log4net: Converter [literal] Option [ -- ] Format [min=-1,max=2147483647,leftAlign=False]
log4net: Converter [level] Option [] Format [min=5,max=2147483647,leftAlign=True]
log4net: Converter [literal] Option [ -- ] Format [min=-1,max=2147483647,leftAlign=False]
log4net: Converter [logger] Option [] Format [min=-1,max=2147483647,leftAlign=False]
log4net: Converter [literal] Option [ [] Format [min=-1,max=2147483647,leftAlign=False]
log4net: Converter [M] Option [] Format [min=-1,max=2147483647,leftAlign=False]
log4net: Converter [literal] Option [] -- ] Format [min=-1,max=2147483647,leftAlign=False]
log4net: Converter [message] Option [] Format [min=-1,max=2147483647,leftAlign=False]
log4net: Converter [newline] Option [] Format [min=-1,max=2147483647,leftAlign=False]
log4net: Setting Property [Layout] to object [log4net.Layout.PatternLayout]
log4net: Searched for existing files in [C:\Users\tianyi\Documents\GitHub\ifDataHouse\IFDatahouseClientService\Test.DatahouseService\bin\Debug]
log4net: curSizeRollBackups starts at [0]
log4net: Opening file for writing [C:\Users\tianyi\Documents\GitHub\ifDataHouse\IFDatahouseClientService\Test.DatahouseService\bin\Debug\IFDatahouseLog.log] append [True]
log4net: reated Appender [RollingLogFileAppender]
log4net: Adding appender named [RollingLogFileAppender] to logger [root].
log4net: Hierarchy Threshold []
log4net: configuring repository [log4net-default-repository] using .config file section
log4net: Application config file is [c:\Program Files (x86)\Microsoft Visual Studio 10.0\Common7\IDE\QTAgent32.exe.Config]
log4net:ERROR Failed to find configuration section 'log4net' in the application's .config file. Check your .config file for the &lt;log4net&gt; and &lt;configSections&gt; elements. The configuration section should look like: &lt;section name="log4net" type="log4net.Config.Log4NetConfigurationSectionHandler,log4net" /&gt;
</DebugTrace>
      </Output>
    </UnitTestResult>
  </Results>
</TestRun>