<?xml version="1.0" encoding="UTF-8"?>
<TestRun id="9edef20f-b113-4626-b11e-72ba3af2eac9" name="Wangsong@WANGSONG-PC 2013-05-17 12:00:37" runUser="Wangsong-PC\Wangsong" xmlns="http://microsoft.com/schemas/VisualStudio/TeamTest/2010">
  <TestSettings name="本地" id="2e80b17e-8ab5-4988-ab53-fd31bd810c6b">
    <Description>这些设置为本地测试运行的默认测试设置。</Description>
    <Deployment enabled="false" runDeploymentRoot="Wangsong_WANGSONG-PC 2013-05-17 12_00_37">
      <DeploymentItem filename="D:\File\DLL\log4net.dll" />
      <DeploymentItem filename="C:\Users\Wangsong\Documents\Visual Studio 2010\Projects\IFDatahouseService\Brilliantech.DatahouseService\bin\Debug\Brilliantech.DatahouseService.dll" />
      <DeploymentItem filename="C:\Users\Wangsong\Documents\Visual Studio 2010\Projects\IFDatahouseService\Brilliantech.DatahouseService.Testbench\bin\Debug\Brilliantech.DatahouseService.Testbench.exe" />
      <DeploymentItem filename="D:\File\DLL\Thrift.dll" />
      <DeploymentItem filename="D:\File\DLL\Brilliantech.Packaging.EpmIntegration.dll" />
      <DeploymentItem filename="D:\File\DLL\Nini.dll" />
    </Deployment>
    <Execution>
      <TestTypeSpecific />
      <AgentRule name="Execution Agents">
      </AgentRule>
    </Execution>
  </TestSettings>
  <Times creation="2013-05-17T12:00:37.8404000+08:00" queuing="2013-05-17T12:00:37.8774000+08:00" start="2013-05-17T12:00:37.8954000+08:00" finish="2013-05-17T12:00:38.2664000+08:00" />
  <ResultSummary outcome="Failed">
    <Counters total="1" executed="1" error="0" failed="1" timeout="0" aborted="0" inconclusive="0" passedButRunAborted="0" notRunnable="0" notExecuted="0" disconnected="0" warning="0" passed="0" completed="0" inProgress="0" pending="0" />
  </ResultSummary>
  <TestDefinitions>
    <UnitTest name="TestDataSpliterTest" storage="c:\users\wangsong\documents\visual studio 2010\projects\ifdatahouseservice\test.datahouseservice\bin\debug\test.datahouseservice.dll" id="b83f39c8-93dc-e3cf-42aa-8dd764841786">
      <Execution id="681e1bfd-34d7-4caf-92a6-b9f5ab5070a6" />
      <TestMethod codeBase="C:/Users/Wangsong/Documents/Visual Studio 2010/Projects/IFDatahouseService/Test.DatahouseService/bin/Debug/Test.DatahouseService.DLL" adapterTypeName="Microsoft.VisualStudio.TestTools.TestTypes.Unit.UnitTestAdapter, Microsoft.VisualStudio.QualityTools.Tips.UnitTest.Adapter, Version=10.0.0.0, Culture=neutral, PublicKeyToken=b03f5f7f11d50a3a" className="Test.DatahouseService.ConfTest, Test.DatahouseService, Version=1.0.0.0, Culture=neutral, PublicKeyToken=null" name="TestDataSpliterTest" />
    </UnitTest>
  </TestDefinitions>
  <TestLists>
    <TestList name="列表中未列出的结果" id="8c84fa94-04c1-424b-9868-57a2d4851a1d" />
    <TestList name="所有已加载的结果" id="19431567-8539-422a-85d7-44ee4e166bda" />
  </TestLists>
  <TestEntries>
    <TestEntry testId="b83f39c8-93dc-e3cf-42aa-8dd764841786" executionId="681e1bfd-34d7-4caf-92a6-b9f5ab5070a6" testListId="8c84fa94-04c1-424b-9868-57a2d4851a1d" />
  </TestEntries>
  <Results>
    <UnitTestResult executionId="681e1bfd-34d7-4caf-92a6-b9f5ab5070a6" testId="b83f39c8-93dc-e3cf-42aa-8dd764841786" testName="TestDataSpliterTest" computerName="WANGSONG-PC" duration="00:00:00.0864749" startTime="2013-05-17T12:00:37.9044000+08:00" endTime="2013-05-17T12:00:38.2464000+08:00" testType="13cdc9d9-ddb5-4fa4-a97d-d965ccfc6d4b" outcome="Failed" testListId="8c84fa94-04c1-424b-9868-57a2d4851a1d" relativeResultsDirectory="681e1bfd-34d7-4caf-92a6-b9f5ab5070a6">
      <Output>
        <ErrorInfo>
          <Message>Assert.Fail 失败。Assert.Equals 不应用于断言。请改用 Assert.AreEqual 和重载。</Message>
          <StackTrace>   在 Test.DatahouseService.ConfTest.TestDataSpliterTest() 位置 C:\Users\Wangsong\Documents\Visual Studio 2010\Projects\IFDatahouseService\Test.DatahouseService\ConfTest.cs:行号 76
</StackTrace>
        </ErrorInfo>
      </Output>
    </UnitTestResult>
  </Results>
</TestRun>